Arguments: 
  C:\Program Files\nodejs\node.exe C:\Program Files (x86)\Yarn\bin\yarn.js add @angular/core @angular/platform-browser @angular/platform-browser-dyanmic @angular/common

PATH: 
  C:\Program Files\ConEmu\ConEmu\Scripts;C:\Program Files\ConEmu;C:\Program Files\ConEmu\ConEmu;C:\Program Files\Docker\Docker\Resources\bin;C:\Program Files\Microsoft MPI\Bin\;C:\Python27\;C:\Python27\Scripts;C:\ProgramData\Oracle\Java\javapath;C:\WINDOWS\system32;C:\WINDOWS;C:\WINDOWS\System32\Wbem;C:\WINDOWS\System32\WindowsPowerShell\v1.0\;C:\Program Files\Git\cmd;C:\WINDOWS\system32\config\systemprofile\.dnx\bin;C:\Program Files\Microsoft DNX\Dnvm\;C:\Program Files (x86)\Windows Kits\8.1\Windows Performance Toolkit\;C:\Program Files\TortoiseGit\bin;C:\Program Files\Microsoft\Web Platform Installer\;C:\Program Files (x86)\Microsoft Team Foundation Server 2015 Power Tools\;C:\Program Files\TortoiseSVN\bin;C:\Program Files\Microsoft SQL Server\130\Tools\Binn\;C:\Program Files (x86)\Microsoft SQL Server\Client SDK\ODBC\130\Tools\Binn\;C:\Program Files (x86)\Microsoft SQL Server\130\Tools\Binn\;C:\Program Files (x86)\Microsoft SQL Server\130\DTS\Binn\;C:\Program Files (x86)\Microsoft SQL Server\130\Tools\Binn\ManagementStudio\;C:\ProgramData\chocolatey\bin;C:\Program Files (x86)\Skype\Phone\;C:\Program Files\Microsoft SQL Server\Client SDK\ODBC\130\Tools\Binn\;C:\Program Files\Microsoft SQL Server\130\DTS\Binn\;C:\Program Files\dotnet\;C:\Program Files (x86)\Yarn\bin;C:\Program Files\nodejs\;C:\Program Files (x86)\Microsoft VS Code\bin;C:\Ruby23-x64\bin;C:\Program Files (x86)\GnuWin32\bin;C:\Tools\PSTools;C:\Users\ori\AppData\Local\Microsoft\WindowsApps;C:\Cmder;C:\Tools\git-tf;C:\Program Files (x86)\Sophos\Sophos SSL VPN Client\bin;C:\Tools\cmds;C:\Users\ori\AppData\Local\Yarn\bin;C:\Users\ori\AppData\Local\Programs\Fiddler;C:\Users\ori\AppData\Roaming\npm

Yarn version: 
  0.27.5

Node version: 
  6.11.2

Platform: 
  win32 x64

npm manifest: 
  {
    "dependencies": {
      "angular": "^1.6.6"
    }
  }

yarn manifest: 
  No manifest

Lockfile: 
  # THIS IS AN AUTOGENERATED FILE. DO NOT EDIT THIS FILE DIRECTLY.
  # yarn lockfile v1
  
  
  angular@^1.6.6:
    version "1.6.6"
    resolved "https://registry.yarnpkg.com/angular/-/angular-1.6.6.tgz#fd5a3cfb437ce382d854ee01120797978527cb64"

Trace: 
  Error: http://registry.npmjs.org/@angular%2fplatform-browser-dyanmic: Not found
      at Request.params.callback [as _callback] (C:\Program Files (x86)\Yarn\lib\yarn-cli.js:58200:18)
      at Request.self.callback (C:\Program Files (x86)\Yarn\lib\yarn-cli.js:114242:22)
      at emitTwo (events.js:106:13)
      at Request.emit (events.js:191:7)
      at Request.<anonymous> (C:\Program Files (x86)\Yarn\lib\yarn-cli.js:115225:10)
      at emitOne (events.js:96:13)
      at Request.emit (events.js:188:7)
      at IncomingMessage.<anonymous> (C:\Program Files (x86)\Yarn\lib\yarn-cli.js:115145:12)
      at IncomingMessage.g (events.js:292:16)
      at emitNone (events.js:91:20)
